d:\renderer\highlevelgirender\bin\x64\debug\descriptorheap.obj
d:\renderer\highlevelgirender\bin\x64\debug\dxrs.obj
d:\renderer\highlevelgirender\bin\x64\debug\dxrsbuffer.obj
d:\renderer\highlevelgirender\bin\x64\debug\dxrscamera.obj
d:\renderer\highlevelgirender\bin\x64\debug\dxrsdepthbuffer.obj
d:\renderer\highlevelgirender\bin\x64\debug\dxrsexamplegiscene.obj
d:\renderer\highlevelgirender\bin\x64\debug\dxrsexamplertscene.obj
d:\renderer\highlevelgirender\bin\x64\debug\dxrsgraphics.obj
d:\renderer\highlevelgirender\bin\x64\debug\dxrsmesh.obj
d:\renderer\highlevelgirender\bin\x64\debug\dxrsmodel.obj
d:\renderer\highlevelgirender\bin\x64\debug\dxrsmodelmaterial.obj
d:\renderer\highlevelgirender\bin\x64\debug\dxrsrendertarget.obj
d:\renderer\highlevelgirender\bin\x64\debug\imgui.obj
d:\renderer\highlevelgirender\bin\x64\debug\imgui_demo.obj
d:\renderer\highlevelgirender\bin\x64\debug\imgui_draw.obj
d:\renderer\highlevelgirender\bin\x64\debug\imgui_impl_dx12.obj
d:\renderer\highlevelgirender\bin\x64\debug\imgui_impl_win32.obj
d:\renderer\highlevelgirender\bin\x64\debug\imgui_widgets.obj
d:\renderer\highlevelgirender\bin\x64\debug\pipelinestateobject.obj
d:\renderer\highlevelgirender\bin\x64\debug\raytracingpipelinegenerator.obj
d:\renderer\highlevelgirender\bin\x64\debug\rootsignature.obj
d:\renderer\highlevelgirender\bin\x64\debug\shaderbindingtablegenerator.obj
d:\renderer\highlevelgirender\bin\x64\debug\dxr-sandbox.res
d:\renderer\highlevelgirender\bin\x64\debug\dxr-sandbox-gi.exp
d:\renderer\highlevelgirender\bin\x64\debug\vc142.idb
d:\renderer\highlevelgirender\bin\x64\debug\dxr-sandbox-gi.pdb
d:\renderer\highlevelgirender\bin\x64\debug\vc142.pdb
